[debug] [2023-07-31T15:09:19.831Z] ----------------------------------------------------------------------
[debug] [2023-07-31T15:09:19.834Z] Command:       C:\Program Files\nodejs\node.exe C:\Users\DELL\AppData\Roaming\npm\node_modules\firebase-tools\lib\bin\firebase.js init
[debug] [2023-07-31T15:09:19.834Z] CLI Version:   12.4.6
[debug] [2023-07-31T15:09:19.835Z] Platform:      win32
[debug] [2023-07-31T15:09:19.835Z] Node Version:  v18.16.0
[debug] [2023-07-31T15:09:19.837Z] Time:          Mon Jul 31 2023 10:09:19 GMT-0500 (hora de Ecuador)
[debug] [2023-07-31T15:09:19.837Z] ----------------------------------------------------------------------
[debug] 
[debug] [2023-07-31T15:09:19.931Z] > command requires scopes: ["email","openid","https://www.googleapis.com/auth/cloudplatformprojects.readonly","https://www.googleapis.com/auth/firebase","https://www.googleapis.com/auth/cloud-platform"]
[debug] [2023-07-31T15:09:19.932Z] > authorizing via signed-in user (anachuro06@gmail.com)
[info] 
     ######## #### ########  ######## ########     ###     ######  ########
     ##        ##  ##     ## ##       ##     ##  ##   ##  ##       ##
     ######    ##  ########  ######   ########  #########  ######  ######
     ##        ##  ##    ##  ##       ##     ## ##     ##       ## ##
     ##       #### ##     ## ######## ########  ##     ##  ######  ########

You're about to initialize a Firebase project in this directory:

  C:\Users\DELL\funCooking

Before we get started, keep in mind:

  * You are initializing within an existing Firebase project directory

